<?xml version="1.0" encoding="UTF-8"?>
<testng-results ignored="0" total="1" passed="1" failed="0" skipped="0">
  <reporter-output>
  </reporter-output>
  <suite started-at="2024-03-12T10:03:09 IST" name="Default suite" finished-at="2024-03-12T10:03:09 IST" duration-ms="49">
    <groups>
    </groups>
    <test started-at="2024-03-12T10:03:09 IST" name="Default test" finished-at="2024-03-12T10:03:09 IST" duration-ms="49">
      <class name="miniproject.data">
        <test-method signature="dispMsg()[pri:0, instance:miniproject.data@5e600dd5]" started-at="2024-03-12T10:03:09 IST" name="dispMsg" finished-at="2024-03-12T10:03:09 IST" duration-ms="6" status="PASS">
          <reporter-output>
          </reporter-output>
        </test-method> <!-- dispMsg -->
      </class> <!-- miniproject.data -->
    </test> <!-- Default test -->
  </suite> <!-- Default suite -->
</testng-results>
